mode: set
github.com/homina/galaxy/pkg/convertRoman/entity.go:40.40,45.2 1 1
github.com/homina/galaxy/pkg/convertRoman/entity.go:48.33,50.2 1 1
github.com/homina/galaxy/pkg/convertRoman/entity.go:53.77,54.77 1 1
github.com/homina/galaxy/pkg/convertRoman/entity.go:58.2,59.15 2 1
github.com/homina/galaxy/pkg/convertRoman/entity.go:54.77,56.3 1 1
github.com/homina/galaxy/pkg/convertRoman/entity.go:63.47,66.2 2 1
github.com/homina/galaxy/pkg/convertRoman/entity.go:69.53,72.2 2 1
github.com/homina/galaxy/pkg/convertRoman/entity.go:75.41,76.22 1 1
github.com/homina/galaxy/pkg/convertRoman/entity.go:89.2,89.21 1 1
github.com/homina/galaxy/pkg/convertRoman/entity.go:93.2,95.19 3 1
github.com/homina/galaxy/pkg/convertRoman/entity.go:76.22,79.30 3 1
github.com/homina/galaxy/pkg/convertRoman/entity.go:86.3,86.48 1 1
github.com/homina/galaxy/pkg/convertRoman/entity.go:79.30,80.36 1 1
github.com/homina/galaxy/pkg/convertRoman/entity.go:80.36,82.5 1 1
github.com/homina/galaxy/pkg/convertRoman/entity.go:82.10,84.5 1 1
github.com/homina/galaxy/pkg/convertRoman/entity.go:89.21,91.3 1 1
github.com/homina/galaxy/pkg/convertRoman/entity.go:98.44,101.22 3 1
github.com/homina/galaxy/pkg/convertRoman/entity.go:114.2,114.14 1 1
github.com/homina/galaxy/pkg/convertRoman/entity.go:101.22,103.32 2 1
github.com/homina/galaxy/pkg/convertRoman/entity.go:108.3,108.24 1 1
github.com/homina/galaxy/pkg/convertRoman/entity.go:111.3,112.21 2 1
github.com/homina/galaxy/pkg/convertRoman/entity.go:103.32,105.4 1 1
github.com/homina/galaxy/pkg/convertRoman/entity.go:105.9,107.4 1 1
github.com/homina/galaxy/pkg/convertRoman/entity.go:108.24,110.4 1 1
github.com/homina/galaxy/pkg/convertRoman/entity.go:117.38,118.25 1 1
github.com/homina/galaxy/pkg/convertRoman/entity.go:122.2,122.126 1 1
github.com/homina/galaxy/pkg/convertRoman/entity.go:125.2,125.14 1 1
github.com/homina/galaxy/pkg/convertRoman/entity.go:118.25,120.3 1 1
github.com/homina/galaxy/pkg/convertRoman/entity.go:122.126,124.3 1 1
github.com/homina/galaxy/pkg/convertRoman/entity.go:129.30,130.14 1 1
github.com/homina/galaxy/pkg/convertRoman/entity.go:134.2,143.14 4 1
github.com/homina/galaxy/pkg/convertRoman/entity.go:154.2,154.14 1 1
github.com/homina/galaxy/pkg/convertRoman/entity.go:130.14,132.3 1 1
github.com/homina/galaxy/pkg/convertRoman/entity.go:143.14,146.26 2 1
github.com/homina/galaxy/pkg/convertRoman/entity.go:152.3,152.6 1 1
github.com/homina/galaxy/pkg/convertRoman/entity.go:146.26,151.4 2 1
