mode: set
github.com/homina/galaxy/pkg/input/input.go:37.19,38.24 1 0
github.com/homina/galaxy/pkg/input/input.go:41.2,41.18 1 0
github.com/homina/galaxy/pkg/input/input.go:44.2,44.22 1 0
github.com/homina/galaxy/pkg/input/input.go:38.24,40.3 1 0
github.com/homina/galaxy/pkg/input/input.go:41.18,43.3 1 0
github.com/homina/galaxy/pkg/input/input.go:44.22,46.3 1 0
github.com/homina/galaxy/pkg/input/input.go:46.8,48.3 1 0
github.com/homina/galaxy/pkg/input/input.go:51.28,54.16 2 0
github.com/homina/galaxy/pkg/input/input.go:58.2,61.21 3 0
github.com/homina/galaxy/pkg/input/input.go:68.2,68.38 1 0
github.com/homina/galaxy/pkg/input/input.go:54.16,55.13 1 0
github.com/homina/galaxy/pkg/input/input.go:61.21,63.17 2 0
github.com/homina/galaxy/pkg/input/input.go:63.17,65.4 1 0
github.com/homina/galaxy/pkg/input/input.go:68.38,69.13 1 0
github.com/homina/galaxy/pkg/input/input.go:73.19,77.6 3 0
github.com/homina/galaxy/pkg/input/input.go:77.6,80.17 3 0
github.com/homina/galaxy/pkg/input/input.go:83.3,84.26 2 0
github.com/homina/galaxy/pkg/input/input.go:87.3,87.22 1 0
github.com/homina/galaxy/pkg/input/input.go:90.3,91.17 2 0
github.com/homina/galaxy/pkg/input/input.go:80.17,81.14 1 0
github.com/homina/galaxy/pkg/input/input.go:84.26,85.9 1 0
github.com/homina/galaxy/pkg/input/input.go:87.22,88.12 1 0
github.com/homina/galaxy/pkg/input/input.go:91.17,92.14 1 0
github.com/homina/galaxy/pkg/input/input.go:98.18,99.30 1 0
github.com/homina/galaxy/pkg/input/input.go:99.30,103.3 3 0
github.com/homina/galaxy/pkg/input/input.go:106.44,111.20 4 1
github.com/homina/galaxy/pkg/input/input.go:115.2,120.44 5 1
github.com/homina/galaxy/pkg/input/input.go:129.2,129.78 1 1
github.com/homina/galaxy/pkg/input/input.go:168.2,169.106 2 1
github.com/homina/galaxy/pkg/input/input.go:192.2,192.26 1 1
github.com/homina/galaxy/pkg/input/input.go:111.20,113.3 1 1
github.com/homina/galaxy/pkg/input/input.go:120.44,121.48 1 1
github.com/homina/galaxy/pkg/input/input.go:124.3,125.13 2 1
github.com/homina/galaxy/pkg/input/input.go:121.48,123.4 1 1
github.com/homina/galaxy/pkg/input/input.go:129.78,132.17 2 1
github.com/homina/galaxy/pkg/input/input.go:136.3,138.34 3 1
github.com/homina/galaxy/pkg/input/input.go:145.3,145.17 1 1
github.com/homina/galaxy/pkg/input/input.go:149.3,149.40 1 1
github.com/homina/galaxy/pkg/input/input.go:153.3,155.17 3 1
github.com/homina/galaxy/pkg/input/input.go:158.3,159.40 2 1
github.com/homina/galaxy/pkg/input/input.go:162.3,162.13 1 1
github.com/homina/galaxy/pkg/input/input.go:132.17,134.4 1 1
github.com/homina/galaxy/pkg/input/input.go:138.34,139.28 1 1
github.com/homina/galaxy/pkg/input/input.go:139.28,142.5 2 1
github.com/homina/galaxy/pkg/input/input.go:145.17,147.4 1 1
github.com/homina/galaxy/pkg/input/input.go:149.40,151.4 1 1
github.com/homina/galaxy/pkg/input/input.go:155.17,157.4 1 1
github.com/homina/galaxy/pkg/input/input.go:159.40,161.4 1 1
github.com/homina/galaxy/pkg/input/input.go:169.106,172.9 2 1
github.com/homina/galaxy/pkg/input/input.go:172.9,175.18 3 1
github.com/homina/galaxy/pkg/input/input.go:178.4,179.14 2 1
github.com/homina/galaxy/pkg/input/input.go:175.18,177.5 1 1
github.com/homina/galaxy/pkg/input/input.go:180.9,183.18 3 1
github.com/homina/galaxy/pkg/input/input.go:186.4,187.14 2 1
github.com/homina/galaxy/pkg/input/input.go:183.18,185.5 1 1
